# JRE version: OpenJDK Runtime Environment (8.0_242-b01) (build 1.8.0_242-release-1644-b01)
# Java VM: OpenJDK 64-Bit Server VM (25.242-b01 mixed mode windows-amd64 compressed oops)
Heap:
 PSYoungGen      total 558080K, used 17758K [0x00000000d5580000, 0x00000000fe780000, 0x0000000100000000)
  eden space 452608K, 0% used [0x00000000d5580000,0x00000000d5580000,0x00000000f0f80000)
  from space 105472K, 16% used [0x00000000f8080000,0x00000000f91d7990,0x00000000fe780000)
  to   space 110592K, 0% used [0x00000000f0f80000,0x00000000f0f80000,0x00000000f7b80000)
 ParOldGen       total 374784K, used 111612K [0x0000000080000000, 0x0000000096e00000, 0x00000000d5580000)
  object space 374784K, 29% used [0x0000000080000000,0x0000000086cff380,0x0000000096e00000)
 Metaspace       used 268102K, capacity 288076K, committed 313112K, reserved 1318912K
  class space    used 34383K, capacity 37997K, committed 43824K, reserved 1048576K
GC Heap History (10 events):
Event: 10142.869 GC heap after
Heap after GC invocations=101 (full 9):
 PSYoungGen      total 549888K, used 19744K [0x00000000d5580000, 0x00000000fef80000, 0x0000000100000000)
  eden space 414720K, 0% used [0x00000000d5580000,0x00000000d5580000,0x00000000eea80000)
  from space 135168K, 14% used [0x00000000f6980000,0x00000000f7cc8000,0x00000000fed80000)
  to   space 130048K, 0% used [0x00000000eea80000,0x00000000eea80000,0x00000000f6980000)
 ParOldGen       total 374784K, used 111580K [0x0000000080000000, 0x0000000096e00000, 0x00000000d5580000)
  object space 374784K, 29% used [0x0000000080000000,0x0000000086cf7380,0x0000000096e00000)
 Metaspace       used 267435K, capacity 287238K, committed 313112K, reserved 1318912K
  class space    used 34359K, capacity 37914K, committed 43824K, reserved 1048576K
}
Event: 10556.096 GC heap before
{Heap before GC invocations=102 (full 9):
 PSYoungGen      total 549888K, used 434464K [0x00000000d5580000, 0x00000000fef80000, 0x0000000100000000)
  eden space 414720K, 100% used [0x00000000d5580000,0x00000000eea80000,0x00000000eea80000)
  from space 135168K, 14% used [0x00000000f6980000,0x00000000f7cc8000,0x00000000fed80000)
  to   space 130048K, 0% used [0x00000000eea80000,0x00000000eea80000,0x00000000f6980000)
 ParOldGen       total 374784K, used 111580K [0x0000000080000000, 0x0000000096e00000, 0x00000000d5580000)
  object space 374784K, 29% used [0x0000000080000000,0x0000000086cf7380,0x0000000096e00000)
 Metaspace       used 267496K, capacity 287366K, committed 313112K, reserved 1318912K
  class space    used 34359K, capacity 37914K, committed 43824K, reserved 1048576K
Event: 10556.210 GC heap after
Heap after GC invocations=102 (full 9):
 PSYoungGen      total 544768K, used 20400K [0x00000000d5580000, 0x00000000ff200000, 0x0000000100000000)
  eden space 414720K, 0% used [0x00000000d5580000,0x00000000d5580000,0x00000000eea80000)
  from space 130048K, 15% used [0x00000000eea80000,0x00000000efe6c020,0x00000000f6980000)
  to   space 125440K, 0% used [0x00000000f7780000,0x00000000f7780000,0x00000000ff200000)
 ParOldGen       total 374784K, used 111588K [0x0000000080000000, 0x0000000096e00000, 0x00000000d5580000)
  object space 374784K, 29% used [0x0000000080000000,0x0000000086cf9380,0x0000000096e00000)
 Metaspace       used 267496K, capacity 287366K, committed 313112K, reserved 1318912K
  class space    used 34359K, capacity 37914K, committed 43824K, reserved 1048576K
}
Event: 10661.968 GC heap before
{Heap before GC invocations=103 (full 9):
 PSYoungGen      total 544768K, used 435120K [0x00000000d5580000, 0x00000000ff200000, 0x0000000100000000)
  eden space 414720K, 100% used [0x00000000d5580000,0x00000000eea80000,0x00000000eea80000)
  from space 130048K, 15% used [0x00000000eea80000,0x00000000efe6c020,0x00000000f6980000)
  to   space 125440K, 0% used [0x00000000f7780000,0x00000000f7780000,0x00000000ff200000)
 ParOldGen       total 374784K, used 111588K [0x0000000080000000, 0x0000000096e00000, 0x00000000d5580000)
  object space 374784K, 29% used [0x0000000080000000,0x0000000086cf9380,0x0000000096e00000)
 Metaspace       used 267556K, capacity 287430K, committed 313112K, reserved 1318912K
  class space    used 34360K, capacity 37914K, committed 43824K, reserved 1048576K
Event: 10662.133 GC heap after
Heap after GC invocations=103 (full 9):
 PSYoungGen      total 563712K, used 14581K [0x00000000d5580000, 0x00000000ff280000, 0x0000000100000000)
  eden space 438272K, 0% used [0x00000000d5580000,0x00000000d5580000,0x00000000f0180000)
  from space 125440K, 11% used [0x00000000f7780000,0x00000000f85bd670,0x00000000ff200000)
  to   space 120832K, 0% used [0x00000000f0180000,0x00000000f0180000,0x00000000f7780000)
 ParOldGen       total 374784K, used 111596K [0x0000000080000000, 0x0000000096e00000, 0x00000000d5580000)
  object space 374784K, 29% used [0x0000000080000000,0x0000000086cfb380,0x0000000096e00000)
 Metaspace       used 267556K, capacity 287430K, committed 313112K, reserved 1318912K
  class space    used 34360K, capacity 37914K, committed 43824K, reserved 1048576K
}
Event: 10757.308 GC heap before
{Heap before GC invocations=104 (full 9):
 PSYoungGen      total 563712K, used 452853K [0x00000000d5580000, 0x00000000ff280000, 0x0000000100000000)
  eden space 438272K, 100% used [0x00000000d5580000,0x00000000f0180000,0x00000000f0180000)
  from space 125440K, 11% used [0x00000000f7780000,0x00000000f85bd670,0x00000000ff200000)
  to   space 120832K, 0% used [0x00000000f0180000,0x00000000f0180000,0x00000000f7780000)
 ParOldGen       total 374784K, used 111596K [0x0000000080000000, 0x0000000096e00000, 0x00000000d5580000)
  object space 374784K, 29% used [0x0000000080000000,0x0000000086cfb380,0x0000000096e00000)
 Metaspace       used 268094K, capacity 288076K, committed 313112K, reserved 1318912K
  class space    used 34383K, capacity 37997K, committed 43824K, reserved 1048576K
Event: 10757.632 GC heap after
Heap after GC invocations=104 (full 9):
 PSYoungGen      total 559104K, used 19696K [0x00000000d5580000, 0x00000000ff180000, 0x0000000100000000)
  eden space 438272K, 0% used [0x00000000d5580000,0x00000000d5580000,0x00000000f0180000)
  from space 120832K, 16% used [0x00000000f0180000,0x00000000f14bc190,0x00000000f7780000)
  to   space 115712K, 0% used [0x00000000f8080000,0x00000000f8080000,0x00000000ff180000)
 ParOldGen       total 374784K, used 111604K [0x0000000080000000, 0x0000000096e00000, 0x00000000d5580000)
  object space 374784K, 29% used [0x0000000080000000,0x0000000086cfd380,0x0000000096e00000)
 Metaspace       used 268094K, capacity 288076K, committed 313112K, reserved 1318912K
  class space    used 34383K, capacity 37997K, committed 43824K, reserved 1048576K
}
Event: 10761.905 GC heap before
{Heap before GC invocations=105 (full 9):
 PSYoungGen      total 559104K, used 46919K [0x00000000d5580000, 0x00000000ff180000, 0x0000000100000000)
  eden space 438272K, 6% used [0x00000000d5580000,0x00000000d7015a98,0x00000000f0180000)
  from space 120832K, 16% used [0x00000000f0180000,0x00000000f14bc190,0x00000000f7780000)
  to   space 115712K, 0% used [0x00000000f8080000,0x00000000f8080000,0x00000000ff180000)
 ParOldGen       total 374784K, used 111604K [0x0000000080000000, 0x0000000096e00000, 0x00000000d5580000)
  object space 374784K, 29% used [0x0000000080000000,0x0000000086cfd380,0x0000000096e00000)
 Metaspace       used 268102K, capacity 288076K, committed 313112K, reserved 1318912K
  class space    used 34383K, capacity 37997K, committed 43824K, reserved 1048576K
Event: 10762.307 GC heap after
Heap after GC invocations=105 (full 9):
 PSYoungGen      total 558080K, used 17758K [0x00000000d5580000, 0x00000000fe780000, 0x0000000100000000)
  eden space 452608K, 0% used [0x00000000d5580000,0x00000000d5580000,0x00000000f0f80000)
  from space 105472K, 16% used [0x00000000f8080000,0x00000000f91d7990,0x00000000fe780000)
  to   space 110592K, 0% used [0x00000000f0f80000,0x00000000f0f80000,0x00000000f7b80000)
 ParOldGen       total 374784K, used 111612K [0x0000000080000000, 0x0000000096e00000, 0x00000000d5580000)
  object space 374784K, 29% used [0x0000000080000000,0x0000000086cff380,0x0000000096e00000)
 Metaspace       used 268102K, capacity 288076K, committed 313112K, reserved 1318912K
  class space    used 34383K, capacity 37997K, committed 43824K, reserved 1048576K
}
Event: 10762.307 GC heap before
{Heap before GC invocations=106 (full 10):
 PSYoungGen      total 558080K, used 17758K [0x00000000d5580000, 0x00000000fe780000, 0x0000000100000000)
  eden space 452608K, 0% used [0x00000000d5580000,0x00000000d5580000,0x00000000f0f80000)
  from space 105472K, 16% used [0x00000000f8080000,0x00000000f91d7990,0x00000000fe780000)
  to   space 110592K, 0% used [0x00000000f0f80000,0x00000000f0f80000,0x00000000f7b80000)
 ParOldGen       total 374784K, used 111612K [0x0000000080000000, 0x0000000096e00000, 0x00000000d5580000)
  object space 374784K, 29% used [0x0000000080000000,0x0000000086cff380,0x0000000096e00000)
 Metaspace       used 268102K, capacity 288076K, committed 313112K, reserved 1318912K
  class space    used 34383K, capacity 37997K, committed 43824K, reserved 1048576K

